<?xml version="1.0" encoding="UTF-8"?>
<!-- Generated by org.testng.reporters.JUnitXMLReporter -->
<testsuite hostname="SURPRISE-DE414" name="Test" tests="4" failures="0" timestamp="3 Dec 2018 12:52:57 GMT" time="7.133" errors="0">
  <testcase name="listAllBreedDogs" time="3.87" classname="CIB_DIGITAL_TECH.ListAllBreedDogsTest"/>
  <testcase name="getSubBreedsOfRetrieverDog" time="1.624" classname="CIB_DIGITAL_TECH.ListSubBreedsForRetrieverTest"/>
  <testcase name="verifyThatRetrieverBreedDogExists" time="0.453" classname="CIB_DIGITAL_TECH.CheckRetrieverBreedIsInListTest"/>
  <testcase name="getGoldenSubBreedDog" time="0.529" classname="CIB_DIGITAL_TECH.ProduceAGoldenSubBreedDogImageTest"/>
</testsuite> <!-- Test -->
