<?xml version="1.0" encoding="UTF-8"?>
<!-- Generated by org.testng.reporters.JUnitXMLReporter -->
<testsuite hostname="SURPRISE-DE414" name="Command line test" tests="4" failures="0" timestamp="3 Dec 2018 12:51:38 GMT" time="6.926" errors="0">
  <testcase name="verifyThatRetrieverBreedDogExists" time="4.188" classname="CIB_DIGITAL_TECH.CheckRetrieverBreedIsInListTest"/>
  <testcase name="listAllBreedDogs" time="0.82" classname="CIB_DIGITAL_TECH.ListAllBreedDogsTest"/>
  <testcase name="getSubBreedsOfRetrieverDog" time="0.666" classname="CIB_DIGITAL_TECH.ListSubBreedsForRetrieverTest"/>
  <testcase name="getGoldenSubBreedDog" time="0.574" classname="CIB_DIGITAL_TECH.ProduceAGoldenSubBreedDogImageTest"/>
</testsuite> <!-- Command line test -->
