<?xml version="1.0" encoding="UTF-8"?>
<testng-results skipped="0" failed="0" total="4" passed="4">
  <reporter-output>
  </reporter-output>
  <suite name="Command line suite" duration-ms="6926" started-at="2018-12-03T12:51:31Z" finished-at="2018-12-03T12:51:38Z">
    <groups>
    </groups>
    <test name="Command line test" duration-ms="6926" started-at="2018-12-03T12:51:31Z" finished-at="2018-12-03T12:51:38Z">
      <class name="CIB_DIGITAL_TECH.ListSubBreedsForRetrieverTest">
        <test-method status="PASS" signature="getSubBreedsOfRetrieverDog()[pri:0, instance:CIB_DIGITAL_TECH.ListSubBreedsForRetrieverTest@3835c46]" name="getSubBreedsOfRetrieverDog" duration-ms="666" started-at="2018-12-03T14:51:36Z" finished-at="2018-12-03T14:51:37Z">
          <reporter-output>
          </reporter-output>
        </test-method> <!-- getSubBreedsOfRetrieverDog -->
      </class> <!-- CIB_DIGITAL_TECH.ListSubBreedsForRetrieverTest -->
      <class name="CIB_DIGITAL_TECH.ListAllBreedDogsTest">
        <test-method status="PASS" signature="listAllBreedDogs()[pri:0, instance:CIB_DIGITAL_TECH.ListAllBreedDogsTest@20deea7f]" name="listAllBreedDogs" duration-ms="820" started-at="2018-12-03T14:51:35Z" finished-at="2018-12-03T14:51:36Z">
          <reporter-output>
          </reporter-output>
        </test-method> <!-- listAllBreedDogs -->
      </class> <!-- CIB_DIGITAL_TECH.ListAllBreedDogsTest -->
      <class name="CIB_DIGITAL_TECH.ProduceAGoldenSubBreedDogImageTest">
        <test-method status="PASS" signature="getGoldenSubBreedDog()[pri:0, instance:CIB_DIGITAL_TECH.ProduceAGoldenSubBreedDogImageTest@7193666c]" name="getGoldenSubBreedDog" duration-ms="574" started-at="2018-12-03T14:51:37Z" finished-at="2018-12-03T14:51:38Z">
          <reporter-output>
          </reporter-output>
        </test-method> <!-- getGoldenSubBreedDog -->
      </class> <!-- CIB_DIGITAL_TECH.ProduceAGoldenSubBreedDogImageTest -->
      <class name="CIB_DIGITAL_TECH.CheckRetrieverBreedIsInListTest">
        <test-method status="PASS" signature="initializeEnvironment()[pri:0, instance:CIB_DIGITAL_TECH.CheckRetrieverBreedIsInListTest@647e447]" name="initializeEnvironment" is-config="true" duration-ms="653" started-at="2018-12-03T14:51:31Z" finished-at="2018-12-03T14:51:31Z">
          <reporter-output>
          </reporter-output>
        </test-method> <!-- initializeEnvironment -->
        <test-method status="PASS" signature="initializeEnvironment()[pri:0, instance:CIB_DIGITAL_TECH.ListAllBreedDogsTest@20deea7f]" name="initializeEnvironment" is-config="true" duration-ms="0" started-at="2018-12-03T14:51:31Z" finished-at="2018-12-03T14:51:31Z">
          <reporter-output>
          </reporter-output>
        </test-method> <!-- initializeEnvironment -->
        <test-method status="PASS" signature="initializeEnvironment()[pri:0, instance:CIB_DIGITAL_TECH.ProduceAGoldenSubBreedDogImageTest@7193666c]" name="initializeEnvironment" is-config="true" duration-ms="1" started-at="2018-12-03T14:51:31Z" finished-at="2018-12-03T14:51:31Z">
          <reporter-output>
          </reporter-output>
        </test-method> <!-- initializeEnvironment -->
        <test-method status="PASS" signature="initializeEnvironment()[pri:0, instance:CIB_DIGITAL_TECH.ListSubBreedsForRetrieverTest@3835c46]" name="initializeEnvironment" is-config="true" duration-ms="0" started-at="2018-12-03T14:51:31Z" finished-at="2018-12-03T14:51:31Z">
          <reporter-output>
          </reporter-output>
        </test-method> <!-- initializeEnvironment -->
        <test-method status="PASS" signature="verifyThatRetrieverBreedDogExists()[pri:0, instance:CIB_DIGITAL_TECH.CheckRetrieverBreedIsInListTest@647e447]" name="verifyThatRetrieverBreedDogExists" duration-ms="4188" started-at="2018-12-03T14:51:31Z" finished-at="2018-12-03T14:51:35Z">
          <reporter-output>
          </reporter-output>
        </test-method> <!-- verifyThatRetrieverBreedDogExists -->
      </class> <!-- CIB_DIGITAL_TECH.CheckRetrieverBreedIsInListTest -->
    </test> <!-- Command line test -->
  </suite> <!-- Command line suite -->
</testng-results>
