<?xml version="1.0" encoding="UTF-8"?>
<testng-results skipped="0" failed="0" total="4" passed="4">
  <reporter-output>
  </reporter-output>
  <suite name="Suite" duration-ms="7133" started-at="2018-12-03T12:52:50Z" finished-at="2018-12-03T12:52:57Z">
    <groups>
    </groups>
    <test name="Test" duration-ms="7133" started-at="2018-12-03T12:52:50Z" finished-at="2018-12-03T12:52:57Z">
      <class name="CIB_DIGITAL_TECH.ListSubBreedsForRetrieverTest">
        <test-method status="PASS" signature="getSubBreedsOfRetrieverDog()[pri:0, instance:CIB_DIGITAL_TECH.ListSubBreedsForRetrieverTest@3febb011]" name="getSubBreedsOfRetrieverDog" duration-ms="1624" started-at="2018-12-03T14:52:54Z" finished-at="2018-12-03T14:52:56Z">
          <reporter-output>
          </reporter-output>
        </test-method> <!-- getSubBreedsOfRetrieverDog -->
      </class> <!-- CIB_DIGITAL_TECH.ListSubBreedsForRetrieverTest -->
      <class name="CIB_DIGITAL_TECH.ListAllBreedDogsTest">
        <test-method status="PASS" signature="listAllBreedDogs()[pri:0, instance:CIB_DIGITAL_TECH.ListAllBreedDogsTest@67c27493]" name="listAllBreedDogs" duration-ms="3870" started-at="2018-12-03T14:52:50Z" finished-at="2018-12-03T14:52:54Z">
          <reporter-output>
          </reporter-output>
        </test-method> <!-- listAllBreedDogs -->
      </class> <!-- CIB_DIGITAL_TECH.ListAllBreedDogsTest -->
      <class name="CIB_DIGITAL_TECH.ProduceAGoldenSubBreedDogImageTest">
        <test-method status="PASS" signature="getGoldenSubBreedDog()[pri:0, instance:CIB_DIGITAL_TECH.ProduceAGoldenSubBreedDogImageTest@77fbd92c]" name="getGoldenSubBreedDog" duration-ms="529" started-at="2018-12-03T14:52:56Z" finished-at="2018-12-03T14:52:57Z">
          <reporter-output>
          </reporter-output>
        </test-method> <!-- getGoldenSubBreedDog -->
      </class> <!-- CIB_DIGITAL_TECH.ProduceAGoldenSubBreedDogImageTest -->
      <class name="CIB_DIGITAL_TECH.CheckRetrieverBreedIsInListTest">
        <test-method status="PASS" signature="initializeEnvironment()[pri:0, instance:CIB_DIGITAL_TECH.CheckRetrieverBreedIsInListTest@1a482e36]" name="initializeEnvironment" is-config="true" duration-ms="610" started-at="2018-12-03T14:52:50Z" finished-at="2018-12-03T14:52:50Z">
          <reporter-output>
          </reporter-output>
        </test-method> <!-- initializeEnvironment -->
        <test-method status="PASS" signature="initializeEnvironment()[pri:0, instance:CIB_DIGITAL_TECH.ListAllBreedDogsTest@67c27493]" name="initializeEnvironment" is-config="true" duration-ms="1" started-at="2018-12-03T14:52:50Z" finished-at="2018-12-03T14:52:50Z">
          <reporter-output>
          </reporter-output>
        </test-method> <!-- initializeEnvironment -->
        <test-method status="PASS" signature="initializeEnvironment()[pri:0, instance:CIB_DIGITAL_TECH.ProduceAGoldenSubBreedDogImageTest@77fbd92c]" name="initializeEnvironment" is-config="true" duration-ms="0" started-at="2018-12-03T14:52:50Z" finished-at="2018-12-03T14:52:50Z">
          <reporter-output>
          </reporter-output>
        </test-method> <!-- initializeEnvironment -->
        <test-method status="PASS" signature="initializeEnvironment()[pri:0, instance:CIB_DIGITAL_TECH.ListSubBreedsForRetrieverTest@3febb011]" name="initializeEnvironment" is-config="true" duration-ms="0" started-at="2018-12-03T14:52:50Z" finished-at="2018-12-03T14:52:50Z">
          <reporter-output>
          </reporter-output>
        </test-method> <!-- initializeEnvironment -->
        <test-method status="PASS" signature="verifyThatRetrieverBreedDogExists()[pri:0, instance:CIB_DIGITAL_TECH.CheckRetrieverBreedIsInListTest@1a482e36]" name="verifyThatRetrieverBreedDogExists" duration-ms="453" started-at="2018-12-03T14:52:56Z" finished-at="2018-12-03T14:52:56Z">
          <reporter-output>
          </reporter-output>
        </test-method> <!-- verifyThatRetrieverBreedDogExists -->
      </class> <!-- CIB_DIGITAL_TECH.CheckRetrieverBreedIsInListTest -->
    </test> <!-- Test -->
  </suite> <!-- Suite -->
</testng-results>
